[debug] [2020-05-01T17:53:45.371Z] ----------------------------------------------------------------------
[debug] [2020-05-01T17:53:45.374Z] Command:       C:\Program Files\nodejs\node.exe C:\Users\dlatj\AppData\Roaming\npm\node_modules\firebase-tools\lib\bin\firebase.js serve
[debug] [2020-05-01T17:53:45.375Z] CLI Version:   8.1.1
[debug] [2020-05-01T17:53:45.375Z] Platform:      win32
[debug] [2020-05-01T17:53:45.375Z] Node Version:  v12.16.1
[debug] [2020-05-01T17:53:45.394Z] Time:          Sat May 02 2020 02:53:45 GMT+0900 (GMT+09:00)
[debug] [2020-05-01T17:53:45.395Z] ----------------------------------------------------------------------
[debug] [2020-05-01T17:53:45.395Z] 
[debug] [2020-05-01T17:53:45.426Z] > command requires scopes: ["email","openid","https://www.googleapis.com/auth/cloudplatformprojects.readonly","https://www.googleapis.com/auth/firebase","https://www.googleapis.com/auth/cloud-platform"]
[debug] [2020-05-01T17:53:45.428Z] > authorizing via signed-in user
[debug] [2020-05-01T17:53:45.428Z] [iam] checking project maskproject-6e385 for permissions ["firebase.projects.get"]
[debug] [2020-05-01T17:53:45.432Z] > refreshing access token with scopes: ["email","https://www.googleapis.com/auth/cloud-platform","https://www.googleapis.com/auth/cloudplatformprojects.readonly","https://www.googleapis.com/auth/firebase","openid"]
[debug] [2020-05-01T17:53:45.433Z] >>> HTTP REQUEST POST https://www.googleapis.com/oauth2/v3/token  
 <request body omitted>
[debug] [2020-05-01T17:53:45.728Z] <<< HTTP RESPONSE 200 {"content-type":"application/json; charset=utf-8","vary":"X-Origin, Referer, Origin,Accept-Encoding","date":"Fri, 01 May 2020 17:53:46 GMT","server":"scaffolding on HTTPServer2","cache-control":"private","x-xss-protection":"0","x-frame-options":"SAMEORIGIN","x-content-type-options":"nosniff","alt-svc":"h3-Q050=\":443\"; ma=2592000,h3-Q049=\":443\"; ma=2592000,h3-Q048=\":443\"; ma=2592000,h3-Q046=\":443\"; ma=2592000,h3-Q043=\":443\"; ma=2592000,h3-T050=\":443\"; ma=2592000,quic=\":443\"; ma=2592000; v=\"46,43\"","accept-ranges":"none","transfer-encoding":"chunked"}
[debug] [2020-05-01T17:53:45.783Z] >>> HTTP REQUEST POST https://cloudresourcemanager.googleapis.com/v1/projects/maskproject-6e385:testIamPermissions  
 {"permissions":["firebase.projects.get"]}
[debug] [2020-05-01T17:53:46.792Z] <<< HTTP RESPONSE 200 {"content-type":"application/json; charset=UTF-8","vary":"X-Origin, Referer, Origin,Accept-Encoding","date":"Fri, 01 May 2020 17:53:47 GMT","server":"ESF","cache-control":"private","x-xss-protection":"0","x-frame-options":"SAMEORIGIN","x-content-type-options":"nosniff","server-timing":"gfet4t7; dur=676","alt-svc":"h3-Q050=\":443\"; ma=2592000,h3-Q049=\":443\"; ma=2592000,h3-Q048=\":443\"; ma=2592000,h3-Q046=\":443\"; ma=2592000,h3-Q043=\":443\"; ma=2592000,quic=\":443\"; ma=2592000; v=\"46,43\"","accept-ranges":"none","transfer-encoding":"chunked"}
[debug] [2020-05-01T17:53:46.796Z] >>> HTTP REQUEST GET https://firebase.googleapis.com/v1beta1/projects/maskproject-6e385  
 
[debug] [2020-05-01T17:53:47.618Z] <<< HTTP RESPONSE 200 {"content-type":"application/json; charset=UTF-8","vary":"X-Origin, Referer, Origin,Accept-Encoding","date":"Fri, 01 May 2020 17:53:48 GMT","server":"ESF","cache-control":"private","x-xss-protection":"0","x-frame-options":"SAMEORIGIN","x-content-type-options":"nosniff","alt-svc":"h3-Q050=\":443\"; ma=2592000,h3-Q049=\":443\"; ma=2592000,h3-Q048=\":443\"; ma=2592000,h3-Q046=\":443\"; ma=2592000,h3-Q043=\":443\"; ma=2592000,quic=\":443\"; ma=2592000; v=\"46,43\"","accept-ranges":"none","transfer-encoding":"chunked"}
[info] 
[info] === Serving from 'C:\Users\dlatj\Desktop\FirebaseWeb'...
[info] 
[debug] [2020-05-01T17:53:47.622Z] >>> HTTP REQUEST GET https://firebase.googleapis.com/v1beta1/projects/maskproject-6e385/webApps/-/config  
 
[debug] [2020-05-01T17:53:49.249Z] <<< HTTP RESPONSE 200 {"content-type":"application/json; charset=UTF-8","vary":"X-Origin, Referer, Origin,Accept-Encoding","date":"Fri, 01 May 2020 17:53:49 GMT","server":"ESF","cache-control":"private","x-xss-protection":"0","x-frame-options":"SAMEORIGIN","x-content-type-options":"nosniff","alt-svc":"h3-Q050=\":443\"; ma=2592000,h3-Q049=\":443\"; ma=2592000,h3-Q048=\":443\"; ma=2592000,h3-Q046=\":443\"; ma=2592000,h3-Q043=\":443\"; ma=2592000,quic=\":443\"; ma=2592000; v=\"46,43\"","accept-ranges":"none","transfer-encoding":"chunked"}
[info] i  hosting: Serving hosting files from: public
[info] +  hosting: Local server: http://localhost:5000
[warn] !  Your requested "node" version "8" doesn't match your global version "12"
[info] +  functions: functions emulator started at http://localhost:5001
[info] i  functions: Watching "C:\Users\dlatj\Desktop\FirebaseWeb\functions" for Cloud Functions...
[debug] [2020-05-01T17:53:49.665Z] [worker-pool] addWorker(~diagnostic~) 
[debug] [2020-05-01T17:53:49.665Z] [worker-pool] Adding worker with key ~diagnostic~, total=1 
[debug] [2020-05-01T17:53:49.665Z] [worker-pool] submitWork(triggerId=) 
[debug] [2020-05-01T17:53:49.666Z] [worker-~diagnostic~-a12917f0-d7c2-4ece-a171-3d1e84c601e0]: Assigning socketPath: \\?\pipe\C:\Users\dlatj\Desktop\FirebaseWeb\functions\3000 
[debug] [2020-05-01T17:53:49.667Z] [worker-~diagnostic~-a12917f0-d7c2-4ece-a171-3d1e84c601e0]: BUSY 
[debug] [2020-05-01T17:53:50.525Z] [runtime-status] [3000] Functions runtime initialized. {"cwd":"C:\\Users\\dlatj\\Desktop\\FirebaseWeb\\functions","node_version":"12.16.1"} 
[debug] [2020-05-01T17:53:50.529Z] [runtime-status] [3000] Disabled runtime features: undefined 
[debug] [2020-05-01T17:53:50.588Z] [runtime-status] [3000] Resolved module firebase-admin {"declared":true,"installed":true,"version":"8.11.0","resolution":"C:\\Users\\dlatj\\Desktop\\FirebaseWeb\\functions\\node_modules\\firebase-admin\\lib\\index.js"} 
[debug] [2020-05-01T17:53:50.595Z] [runtime-status] [3000] Resolved module firebase-functions {"declared":true,"installed":true,"version":"3.6.1","resolution":"C:\\Users\\dlatj\\Desktop\\FirebaseWeb\\functions\\node_modules\\firebase-functions\\lib\\index.js"} 
[debug] [2020-05-01T17:53:50.599Z] [runtime-status] [3000] Outgoing network have been stubbed. [{"name":"http","status":"mocked"},{"name":"http","status":"mocked"},{"name":"https","status":"mocked"},{"name":"https","status":"mocked"},{"name":"net","status":"mocked"}] 
[debug] [2020-05-01T17:53:50.763Z] [runtime-status] [3000] Checked functions.config() {"config":{}} 
[debug] [2020-05-01T17:53:50.765Z] [runtime-status] [3000] Resolved module firebase-functions {"declared":true,"installed":true,"version":"3.6.1","resolution":"C:\\Users\\dlatj\\Desktop\\FirebaseWeb\\functions\\node_modules\\firebase-functions\\lib\\index.js"} 
[debug] [2020-05-01T17:53:50.768Z] [runtime-status] [3000] Resolved module firebase-admin {"declared":true,"installed":true,"version":"8.11.0","resolution":"C:\\Users\\dlatj\\Desktop\\FirebaseWeb\\functions\\node_modules\\firebase-admin\\lib\\index.js"} 
[debug] [2020-05-01T17:53:50.770Z] [runtime-status] [3000] Resolved module firebase-functions {"declared":true,"installed":true,"version":"3.6.1","resolution":"C:\\Users\\dlatj\\Desktop\\FirebaseWeb\\functions\\node_modules\\firebase-functions\\lib\\index.js"} 
[debug] [2020-05-01T17:53:50.771Z] [runtime-status] [3000] firebase-admin has been stubbed. {"adminResolution":{"declared":true,"installed":true,"version":"8.11.0","resolution":"C:\\Users\\dlatj\\Desktop\\FirebaseWeb\\functions\\node_modules\\firebase-admin\\lib\\index.js"}} 
[debug] [2020-05-01T17:53:52.144Z] [worker-~diagnostic~-a12917f0-d7c2-4ece-a171-3d1e84c601e0]: IDLE 
