[debug] [2020-05-14T14:49:48.107Z] ----------------------------------------------------------------------
[debug] [2020-05-14T14:49:48.109Z] Command:       C:\Program Files\nodejs\node.exe C:\Users\jeooo\AppData\Roaming\npm\node_modules\firebase-tools\lib\bin\firebase.js serve --only functions
[debug] [2020-05-14T14:49:48.109Z] CLI Version:   8.2.0
[debug] [2020-05-14T14:49:48.109Z] Platform:      win32
[debug] [2020-05-14T14:49:48.109Z] Node Version:  v10.20.1
[debug] [2020-05-14T14:49:48.110Z] Time:          Thu May 14 2020 23:49:48 GMT+0900 (GMT+09:00)
[debug] [2020-05-14T14:49:48.110Z] ----------------------------------------------------------------------
[debug] [2020-05-14T14:49:48.110Z] 
[debug] [2020-05-14T14:49:48.119Z] > command requires scopes: ["email","openid","https://www.googleapis.com/auth/cloudplatformprojects.readonly","https://www.googleapis.com/auth/firebase","https://www.googleapis.com/auth/cloud-platform"]
[debug] [2020-05-14T14:49:48.119Z] > authorizing via signed-in user
[debug] [2020-05-14T14:49:48.120Z] [iam] checking project maskproject-6e385 for permissions ["firebase.projects.get"]
[debug] [2020-05-14T14:49:48.123Z] >>> HTTP REQUEST POST https://cloudresourcemanager.googleapis.com/v1/projects/maskproject-6e385:testIamPermissions  
 {"permissions":["firebase.projects.get"]}
[debug] [2020-05-14T14:49:49.035Z] <<< HTTP RESPONSE 200 {"content-type":"application/json; charset=UTF-8","vary":"X-Origin, Referer, Origin,Accept-Encoding","date":"Thu, 14 May 2020 14:49:48 GMT","server":"ESF","cache-control":"private","x-xss-protection":"0","x-frame-options":"SAMEORIGIN","x-content-type-options":"nosniff","server-timing":"gfet4t7; dur=569","alt-svc":"h3-27=\":443\"; ma=2592000,h3-25=\":443\"; ma=2592000,h3-T050=\":443\"; ma=2592000,h3-Q050=\":443\"; ma=2592000,h3-Q049=\":443\"; ma=2592000,h3-Q048=\":443\"; ma=2592000,h3-Q046=\":443\"; ma=2592000,h3-Q043=\":443\"; ma=2592000,quic=\":443\"; ma=2592000; v=\"46,43\"","accept-ranges":"none","transfer-encoding":"chunked"}
[debug] [2020-05-14T14:49:49.037Z] >>> HTTP REQUEST GET https://firebase.googleapis.com/v1beta1/projects/maskproject-6e385  
 
[debug] [2020-05-14T14:49:49.716Z] <<< HTTP RESPONSE 200 {"content-type":"application/json; charset=UTF-8","vary":"X-Origin, Referer, Origin,Accept-Encoding","date":"Thu, 14 May 2020 14:49:49 GMT","server":"ESF","cache-control":"private","x-xss-protection":"0","x-frame-options":"SAMEORIGIN","x-content-type-options":"nosniff","alt-svc":"h3-27=\":443\"; ma=2592000,h3-25=\":443\"; ma=2592000,h3-T050=\":443\"; ma=2592000,h3-Q050=\":443\"; ma=2592000,h3-Q049=\":443\"; ma=2592000,h3-Q048=\":443\"; ma=2592000,h3-Q046=\":443\"; ma=2592000,h3-Q043=\":443\"; ma=2592000,quic=\":443\"; ma=2592000; v=\"46,43\"","accept-ranges":"none","transfer-encoding":"chunked"}
[warn] !  Your requested "node" version "8" doesn't match your global version "10"
[info] +  functions: functions emulator started at http://localhost:5000
[info] i  functions: Watching "C:\Users\jeooo\Desktop\maskgit\functions_firebase\functions" for Cloud Functions...
[debug] [2020-05-14T14:49:51.814Z] [worker-pool] addWorker(~diagnostic~) 
[debug] [2020-05-14T14:49:51.814Z] [worker-pool] Adding worker with key ~diagnostic~, total=1 
[debug] [2020-05-14T14:49:51.814Z] [worker-pool] submitWork(triggerId=) 
[debug] [2020-05-14T14:49:51.815Z] [worker-~diagnostic~-aa5c6efc-c9be-4171-8ee4-922d5710ea36]: Assigning socketPath: \\?\pipe\C:\Users\jeooo\Desktop\maskgit\functions_firebase\functions\19984 
[debug] [2020-05-14T14:49:51.815Z] [worker-~diagnostic~-aa5c6efc-c9be-4171-8ee4-922d5710ea36]: BUSY 
[debug] [2020-05-14T14:49:52.744Z] [runtime-status] [19984] Functions runtime initialized. {"cwd":"C:\\Users\\jeooo\\Desktop\\maskgit\\functions_firebase\\functions","node_version":"10.20.1"} 
[debug] [2020-05-14T14:49:52.746Z] [runtime-status] [19984] Disabled runtime features: undefined 
[debug] [2020-05-14T14:49:52.754Z] [runtime-status] [19984] Resolved module firebase-admin {"declared":true,"installed":true,"version":"8.12.1","resolution":"C:\\Users\\jeooo\\Desktop\\maskgit\\functions_firebase\\functions\\node_modules\\firebase-admin\\lib\\index.js"} 
[debug] [2020-05-14T14:49:52.758Z] [runtime-status] [19984] Resolved module firebase-functions {"declared":true,"installed":true,"version":"3.6.1","resolution":"C:\\Users\\jeooo\\Desktop\\maskgit\\functions_firebase\\functions\\node_modules\\firebase-functions\\lib\\index.js"} 
[debug] [2020-05-14T14:49:52.766Z] [runtime-status] [19984] Outgoing network have been stubbed. [{"name":"http","status":"mocked"},{"name":"http","status":"mocked"},{"name":"https","status":"mocked"},{"name":"https","status":"mocked"},{"name":"net","status":"mocked"}] 
[debug] [2020-05-14T14:49:52.893Z] [runtime-status] [19984] Checked functions.config() {"config":{}} 
[debug] [2020-05-14T14:49:52.895Z] [runtime-status] [19984] Resolved module firebase-functions {"declared":true,"installed":true,"version":"3.6.1","resolution":"C:\\Users\\jeooo\\Desktop\\maskgit\\functions_firebase\\functions\\node_modules\\firebase-functions\\lib\\index.js"} 
[debug] [2020-05-14T14:49:52.897Z] [runtime-status] [19984] Resolved module firebase-admin {"declared":true,"installed":true,"version":"8.12.1","resolution":"C:\\Users\\jeooo\\Desktop\\maskgit\\functions_firebase\\functions\\node_modules\\firebase-admin\\lib\\index.js"} 
[debug] [2020-05-14T14:49:52.899Z] [runtime-status] [19984] Resolved module firebase-functions {"declared":true,"installed":true,"version":"3.6.1","resolution":"C:\\Users\\jeooo\\Desktop\\maskgit\\functions_firebase\\functions\\node_modules\\firebase-functions\\lib\\index.js"} 
[debug] [2020-05-14T14:49:52.899Z] [runtime-status] [19984] firebase-admin has been stubbed. {"adminResolution":{"declared":true,"installed":true,"version":"8.12.1","resolution":"C:\\Users\\jeooo\\Desktop\\maskgit\\functions_firebase\\functions\\node_modules\\firebase-admin\\lib\\index.js"}} 
[warn] !  ReferenceError: bodyParser is not defined
    at Object.<anonymous> (C:\Users\jeooo\Desktop\maskgit\functions_firebase\functions\index.js:9:9)
    at Module._compile (internal/modules/cjs/loader.js:778:30)
    at Object.Module._extensions..js (internal/modules/cjs/loader.js:789:10)
    at Module.load (internal/modules/cjs/loader.js:653:32)
    at tryModuleLoad (internal/modules/cjs/loader.js:593:12)
    at Function.Module._load (internal/modules/cjs/loader.js:585:3)
    at Module.require (internal/modules/cjs/loader.js:692:17)
    at require (internal/modules/cjs/helpers.js:25:18)
    at C:\Users\jeooo\AppData\Roaming\npm\node_modules\firebase-tools\lib\emulator\functionsEmulatorRuntime.js:661:33
    at Generator.next (<anonymous>)
    at fulfilled (C:\Users\jeooo\AppData\Roaming\npm\node_modules\firebase-tools\lib\emulator\functionsEmulatorRuntime.js:5:58)
    at process._tickCallback (internal/process/next_tick.js:68:7)
[warn] !  We were unable to load your functions code. (see above)
[debug] [2020-05-14T14:49:55.111Z] [worker-~diagnostic~-aa5c6efc-c9be-4171-8ee4-922d5710ea36]: exited 
[debug] [2020-05-14T14:49:55.111Z] [worker-~diagnostic~-aa5c6efc-c9be-4171-8ee4-922d5710ea36]: FINISHED 
[debug] [2020-05-14T14:50:18.342Z] File C:\Users\jeooo\Desktop\maskgit\functions_firebase\functions\index.js changed, reloading triggers 
[debug] [2020-05-14T14:50:19.346Z] [worker-pool] Cleaned up workers for ~diagnostic~: 1 --> 0 
[debug] [2020-05-14T14:50:19.351Z] [worker-pool] addWorker(~diagnostic~) 
[debug] [2020-05-14T14:50:19.351Z] [worker-pool] Adding worker with key ~diagnostic~, total=1 
[debug] [2020-05-14T14:50:19.351Z] [worker-pool] submitWork(triggerId=) 
[debug] [2020-05-14T14:50:19.351Z] [worker-~diagnostic~-7a84edba-ec05-48ff-a182-74143cc6d00b]: Assigning socketPath: \\?\pipe\C:\Users\jeooo\Desktop\maskgit\functions_firebase\functions\4908 
[debug] [2020-05-14T14:50:19.352Z] [worker-~diagnostic~-7a84edba-ec05-48ff-a182-74143cc6d00b]: BUSY 
[debug] [2020-05-14T14:50:19.888Z] [runtime-status] [4908] Functions runtime initialized. {"cwd":"C:\\Users\\jeooo\\Desktop\\maskgit\\functions_firebase\\functions","node_version":"10.20.1"} 
[debug] [2020-05-14T14:50:19.891Z] [runtime-status] [4908] Disabled runtime features: undefined 
[debug] [2020-05-14T14:50:19.895Z] [runtime-status] [4908] Resolved module firebase-admin {"declared":true,"installed":true,"version":"8.12.1","resolution":"C:\\Users\\jeooo\\Desktop\\maskgit\\functions_firebase\\functions\\node_modules\\firebase-admin\\lib\\index.js"} 
[debug] [2020-05-14T14:50:19.898Z] [runtime-status] [4908] Resolved module firebase-functions {"declared":true,"installed":true,"version":"3.6.1","resolution":"C:\\Users\\jeooo\\Desktop\\maskgit\\functions_firebase\\functions\\node_modules\\firebase-functions\\lib\\index.js"} 
[debug] [2020-05-14T14:50:19.903Z] [runtime-status] [4908] Outgoing network have been stubbed. [{"name":"http","status":"mocked"},{"name":"http","status":"mocked"},{"name":"https","status":"mocked"},{"name":"https","status":"mocked"},{"name":"net","status":"mocked"}] 
[debug] [2020-05-14T14:50:19.970Z] [runtime-status] [4908] Checked functions.config() {"config":{}} 
[debug] [2020-05-14T14:50:19.971Z] [runtime-status] [4908] Resolved module firebase-functions {"declared":true,"installed":true,"version":"3.6.1","resolution":"C:\\Users\\jeooo\\Desktop\\maskgit\\functions_firebase\\functions\\node_modules\\firebase-functions\\lib\\index.js"} 
[debug] [2020-05-14T14:50:19.972Z] [runtime-status] [4908] Resolved module firebase-admin {"declared":true,"installed":true,"version":"8.12.1","resolution":"C:\\Users\\jeooo\\Desktop\\maskgit\\functions_firebase\\functions\\node_modules\\firebase-admin\\lib\\index.js"} 
[debug] [2020-05-14T14:50:19.973Z] [runtime-status] [4908] Resolved module firebase-functions {"declared":true,"installed":true,"version":"3.6.1","resolution":"C:\\Users\\jeooo\\Desktop\\maskgit\\functions_firebase\\functions\\node_modules\\firebase-functions\\lib\\index.js"} 
[debug] [2020-05-14T14:50:19.973Z] [runtime-status] [4908] firebase-admin has been stubbed. {"adminResolution":{"declared":true,"installed":true,"version":"8.12.1","resolution":"C:\\Users\\jeooo\\Desktop\\maskgit\\functions_firebase\\functions\\node_modules\\firebase-admin\\lib\\index.js"}} 
[info] +  functions[widgets]: http function initialized (http://localhost:5000/maskproject-6e385/us-central1/widgets).
[debug] [2020-05-14T14:50:21.145Z] [worker-~diagnostic~-7a84edba-ec05-48ff-a182-74143cc6d00b]: IDLE 
